<?xml version="1.0" encoding="UTF-8"?>
<!-- Generated by org.testng.reporters.JUnitReportReporter -->
<testsuite hostname="bibhu" failures="0" tests="1" name="bns.Com.Bns_resgistration" time="12.410" errors="0" timestamp="2021-05-09T11:30:23 EDT" skipped="0">
  <testcase classname="bns.Com.Bns_resgistration" name="TestRegistrationFrom" time="12.410"/>
  <system-out/>
</testsuite> <!-- bns.Com.Bns_resgistration -->
