<?xml version="1.0" encoding="UTF-8"?>
<!-- Generated by org.testng.reporters.JUnitReportReporter -->
<testsuite hostname="DESKTOP-DI3FHA0" failures="0" tests="1" name="bns.Com.Bns_resgistrationTest" time="3.950" errors="0" timestamp="2021-05-26T17:23:57 PDT" skipped="0">
  <testcase classname="bns.Com.Bns_resgistrationTest" name="RegistrationFrom" time="3.950"/>
  <system-out/>
</testsuite> <!-- bns.Com.Bns_resgistrationTest -->
